  Base_loop.cpp
d:\工作\rpc\firstrpc\firstrpc\base_loop.cpp : warning C4819: 该文件包含不能在当前代码页(936)中表示的字符。请将该文件保存为 Unicode 格式以防止数据丢失
d:\工作\rpc\firstrpc\firstrpc\base_loop.h : warning C4819: 该文件包含不能在当前代码页(936)中表示的字符。请将该文件保存为 Unicode 格式以防止数据丢失
d:\工作\rpc\firstrpc\firstrpc\event_loop_thread_pool.h : warning C4819: 该文件包含不能在当前代码页(936)中表示的字符。请将该文件保存为 Unicode 格式以防止数据丢失
d:\工作\rpc\firstrpc\firstrpc\base_loop.cpp(10): fatal error C1083: 无法打开包括文件: “sys/socket.h”: No such file or directory
  Buffer.cpp
d:\工作\rpc\firstrpc\firstrpc\buffer.cpp : warning C4819: 该文件包含不能在当前代码页(936)中表示的字符。请将该文件保存为 Unicode 格式以防止数据丢失
d:\工作\rpc\firstrpc\firstrpc\buffer.h : warning C4819: 该文件包含不能在当前代码页(936)中表示的字符。请将该文件保存为 Unicode 格式以防止数据丢失
d:\工作\rpc\firstrpc\firstrpc\buffer.h(10): fatal error C1083: 无法打开包括文件: “Endian.h”: No such file or directory
  Epoll.cpp
d:\工作\rpc\firstrpc\firstrpc\epoll.cpp : warning C4819: 该文件包含不能在当前代码页(936)中表示的字符。请将该文件保存为 Unicode 格式以防止数据丢失
d:\工作\rpc\firstrpc\firstrpc\epoll.h : warning C4819: 该文件包含不能在当前代码页(936)中表示的字符。请将该文件保存为 Unicode 格式以防止数据丢失
d:\工作\rpc\firstrpc\firstrpc\epoll.h(10): fatal error C1083: 无法打开包括文件: “sys/epoll.h”: No such file or directory
  Event_loop.cpp
d:\工作\rpc\firstrpc\firstrpc\event_loop.cpp : warning C4819: 该文件包含不能在当前代码页(936)中表示的字符。请将该文件保存为 Unicode 格式以防止数据丢失
d:\工作\rpc\firstrpc\firstrpc\event_loop.h : warning C4819: 该文件包含不能在当前代码页(936)中表示的字符。请将该文件保存为 Unicode 格式以防止数据丢失
d:\工作\rpc\firstrpc\firstrpc\event_loop.h(11): fatal error C1083: 无法打开包括文件: “sys/epoll.h”: No such file or directory
  Event_loop_thread_pool.cpp
d:\工作\rpc\firstrpc\firstrpc\event_loop_thread_pool.cpp : warning C4819: 该文件包含不能在当前代码页(936)中表示的字符。请将该文件保存为 Unicode 格式以防止数据丢失
d:\工作\rpc\firstrpc\firstrpc\event_loop_thread_pool.h : warning C4819: 该文件包含不能在当前代码页(936)中表示的字符。请将该文件保存为 Unicode 格式以防止数据丢失
d:\工作\rpc\firstrpc\firstrpc\event_loop.h : warning C4819: 该文件包含不能在当前代码页(936)中表示的字符。请将该文件保存为 Unicode 格式以防止数据丢失
d:\工作\rpc\firstrpc\firstrpc\event_loop.h(11): fatal error C1083: 无法打开包括文件: “sys/epoll.h”: No such file or directory
  正在生成代码...
