d:\vs2008\code\数据结构练习\数据结构练习\debug\vc120.pdb
d:\vs2008\code\数据结构练习\数据结构练习\debug\vc120.idb
d:\vs2008\code\数据结构练习\数据结构练习\debug\datastructure.obj
d:\vs2008\code\数据结构练习\数据结构练习\debug\main.obj
d:\vs2008\code\数据结构练习\debug\数据结构练习.pdb
d:\vs2008\code\数据结构练习\数据结构练习\debug\数据结构练习.tlog\cl.command.1.tlog
d:\vs2008\code\数据结构练习\数据结构练习\debug\数据结构练习.tlog\cl.read.1.tlog
d:\vs2008\code\数据结构练习\数据结构练习\debug\数据结构练习.tlog\cl.write.1.tlog
d:\vs2008\code\数据结构练习\数据结构练习\debug\数据结构练习.tlog\link-cvtres.read.1.tlog
d:\vs2008\code\数据结构练习\数据结构练习\debug\数据结构练习.tlog\link-cvtres.write.1.tlog
d:\vs2008\code\数据结构练习\数据结构练习\debug\数据结构练习.tlog\link-rc.read.1.tlog
d:\vs2008\code\数据结构练习\数据结构练习\debug\数据结构练习.tlog\link-rc.write.1.tlog
d:\vs2008\code\数据结构练习\数据结构练习\debug\数据结构练习.tlog\link.4504-cvtres.read.1.tlog
d:\vs2008\code\数据结构练习\数据结构练习\debug\数据结构练习.tlog\link.4504-cvtres.write.1.tlog
d:\vs2008\code\数据结构练习\数据结构练习\debug\数据结构练习.tlog\link.4504-rc.read.1.tlog
d:\vs2008\code\数据结构练习\数据结构练习\debug\数据结构练习.tlog\link.4504-rc.write.1.tlog
d:\vs2008\code\数据结构练习\数据结构练习\debug\数据结构练习.tlog\link.4504.read.1.tlog
d:\vs2008\code\数据结构练习\数据结构练习\debug\数据结构练习.tlog\link.4504.write.1.tlog
d:\vs2008\code\数据结构练习\数据结构练习\debug\数据结构练习.tlog\link.command.1.tlog
d:\vs2008\code\数据结构练习\数据结构练习\debug\数据结构练习.tlog\link.read.1.tlog
d:\vs2008\code\数据结构练习\数据结构练习\debug\数据结构练习.tlog\link.write.1.tlog
